TN:
SF:script/DeployMultiTransferV1.s.sol
FN:9,DeployMultiTransferV1.run
FNDA:0,DeployMultiTransferV1.run
DA:10,0
DA:11,0
DA:12,0
DA:13,0
FNF:1
FNH:0
LF:4
LH:0
BRF:0
BRH:0
end_of_record
TN:
SF:script/DeployMultiTransferV2.s.sol
FN:9,DeployMultiTransferV2.run
FNDA:0,DeployMultiTransferV2.run
DA:10,0
DA:11,0
DA:12,0
DA:13,0
FNF:1
FNH:0
LF:4
LH:0
BRF:0
BRH:0
end_of_record
TN:
SF:src/MultiTransferV1.sol
FN:37,MultiTransferV1.
FNDA:0,MultiTransferV1.
FN:39,MultiTransferV1.multiTransferETH
FNDA:5,MultiTransferV1.multiTransferETH
DA:44,5
BRDA:44,0,0,1
BRDA:44,0,1,4
DA:45,1
DA:47,4
BRDA:47,1,0,1
BRDA:47,1,1,3
DA:48,1
DA:50,3
BRDA:50,2,0,1
BRDA:50,2,1,2
DA:51,1
DA:53,2
DA:54,2
DA:55,3
BRDA:55,3,0,1
BRDA:55,3,1,2
DA:56,1
DA:58,2
DA:59,2
DA:61,1
DA:66,1
FN:69,MultiTransferV1.multiTransferToken
FNDA:7,MultiTransferV1.multiTransferToken
DA:75,7
BRDA:75,4,0,1
BRDA:75,4,1,6
DA:76,1
DA:78,6
BRDA:78,5,0,1
BRDA:78,5,1,5
DA:79,1
DA:81,5
BRDA:81,6,0,1
BRDA:81,6,1,4
DA:82,1
DA:85,4
DA:86,4
BRDA:86,7,0,2
BRDA:86,7,1,2
DA:87,2
DA:89,2
DA:90,2
DA:91,3
BRDA:91,8,0,1
BRDA:91,8,1,2
DA:92,1
DA:94,2
DA:95,2
DA:97,1
FN:100,MultiTransferV1.multiTransferTokenEther
FNDA:8,MultiTransferV1.multiTransferTokenEther
DA:107,8
BRDA:107,9,0,1
BRDA:107,9,1,7
DA:108,1
DA:110,7
BRDA:110,10,0,1
BRDA:110,10,1,6
DA:111,1
DA:113,6
BRDA:113,11,0,1
BRDA:113,11,1,5
DA:114,1
DA:116,5
BRDA:116,12,0,1
BRDA:116,12,1,4
DA:117,1
DA:119,4
BRDA:119,13,0,1
BRDA:119,13,1,3
DA:120,1
DA:122,3
BRDA:122,14,0,1
BRDA:122,14,1,2
DA:123,1
DA:126,2
DA:127,2
DA:129,2
DA:130,1
DA:131,2
DA:132,2
DA:134,2
DA:135,2
DA:137,1
FN:145,MultiTransferV1.emergencyStop
FNDA:1,MultiTransferV1.emergencyStop
DA:146,1
FN:149,MultiTransferV1.unPaused
FNDA:1,MultiTransferV1.unPaused
DA:150,1
FNF:6
FNH:5
LF:53
LH:53
BRF:30
BRH:30
end_of_record
TN:
SF:src/MultiTransferV2.sol
FN:63,MultiTransferV2.
FNDA:0,MultiTransferV2.
FN:75,MultiTransferV2.multiTransferETH
FNDA:8,MultiTransferV2.multiTransferETH
DA:80,8
BRDA:80,0,0,1
BRDA:80,0,1,7
DA:81,1
DA:83,7
BRDA:83,1,0,1
BRDA:83,1,1,6
DA:84,1
DA:86,6
BRDA:86,2,0,1
BRDA:86,2,1,5
DA:87,1
DA:90,5
BRDA:90,3,0,1
BRDA:90,3,1,4
DA:91,1
DA:93,4
DA:94,4
DA:97,6
BRDA:97,4,0,1
BRDA:97,4,1,5
DA:98,1
DA:101,5
DA:102,3
DA:106,1
DA:111,1
FN:122,MultiTransferV2.multiTransferToken
FNDA:8,MultiTransferV2.multiTransferToken
DA:129,8
BRDA:129,5,0,1
BRDA:129,5,1,7
DA:130,1
DA:132,7
BRDA:132,6,0,1
BRDA:132,6,1,6
DA:133,1
DA:135,6
BRDA:135,7,0,1
BRDA:135,7,1,5
DA:136,1
DA:138,5
BRDA:138,8,0,1
BRDA:138,8,1,4
DA:139,1
DA:142,4
DA:143,4
BRDA:143,9,0,2
BRDA:143,9,1,2
DA:144,2
DA:147,2
DA:148,2
DA:149,3
BRDA:149,10,0,1
BRDA:149,10,1,2
DA:150,1
DA:153,2
DA:154,2
DA:158,1
FN:171,MultiTransferV2.multiTransferTokenEther
FNDA:8,MultiTransferV2.multiTransferTokenEther
DA:180,8
BRDA:180,11,0,1
BRDA:180,11,1,7
DA:181,1
DA:183,7
BRDA:183,12,0,1
BRDA:183,12,1,6
DA:184,1
DA:186,6
BRDA:186,13,0,1
BRDA:186,13,1,5
DA:187,1
DA:189,5
BRDA:189,14,0,1
BRDA:189,14,1,4
DA:190,1
DA:192,4
BRDA:192,15,0,1
BRDA:192,15,1,3
DA:193,1
DA:195,3
BRDA:195,16,0,1
BRDA:195,16,1,2
DA:196,1
DA:199,2
DA:200,2
DA:203,2
BRDA:203,17,0,1
BRDA:203,17,1,1
DA:204,1
DA:207,1
DA:211,1
DA:212,2
DA:213,2
DA:215,2
DA:216,2
DA:221,1
FN:235,MultiTransferV2.claimTokens
FNDA:7,MultiTransferV2.claimTokens
DA:236,6
BRDA:236,18,0,-
BRDA:236,18,1,3
DA:237,3
DA:238,3
DA:240,3
DA:241,3
DA:242,3
DA:245,3
FN:249,MultiTransferV2._transfer
FNDA:7,MultiTransferV2._transfer
DA:250,7
BRDA:250,19,0,2
BRDA:250,19,1,5
DA:251,5
FN:254,MultiTransferV2.getOwner
FNDA:18,MultiTransferV2.getOwner
DA:255,18
FN:258,MultiTransferV2.emergencyStop
FNDA:1,MultiTransferV2.emergencyStop
DA:259,1
FN:262,MultiTransferV2.unPaused
FNDA:1,MultiTransferV2.unPaused
DA:263,1
FNF:9
FNH:8
LF:69
LH:69
BRF:40
BRH:39
end_of_record
