TN:
SF:script/DeployMultiTransferV1.s.sol
FN:9,DeployMultiTransferV1.run
FNDA:0,DeployMultiTransferV1.run
DA:10,0
DA:11,0
DA:12,0
DA:13,0
FNF:1
FNH:0
LF:4
LH:0
BRF:0
BRH:0
end_of_record
TN:
SF:script/DeployMultiTransferV2.s.sol
FN:9,DeployMultiTransferV2.run
FNDA:0,DeployMultiTransferV2.run
DA:10,0
DA:11,0
DA:12,0
DA:13,0
FNF:1
FNH:0
LF:4
LH:0
BRF:0
BRH:0
end_of_record
TN:
SF:src/MultiTransferV1.sol
FN:31,MultiTransferV1.
FNDA:0,MultiTransferV1.
FN:33,MultiTransferV1.multiTransferETH
FNDA:5,MultiTransferV1.multiTransferETH
DA:37,5
BRDA:37,0,0,1
BRDA:37,0,1,4
DA:38,1
DA:40,4
BRDA:40,1,0,1
BRDA:40,1,1,3
DA:41,1
DA:43,3
BRDA:43,2,0,1
BRDA:43,2,1,2
DA:44,1
DA:46,2
DA:47,2
DA:48,3
BRDA:48,3,0,1
BRDA:48,3,1,2
DA:49,1
DA:51,2
DA:52,2
FN:57,MultiTransferV1.multiTransferToken
FNDA:7,MultiTransferV1.multiTransferToken
DA:63,7
BRDA:63,4,0,1
BRDA:63,4,1,6
DA:64,1
DA:66,6
BRDA:66,5,0,1
BRDA:66,5,1,5
DA:67,1
DA:69,5
BRDA:69,6,0,1
BRDA:69,6,1,4
DA:70,1
DA:73,4
DA:74,4
BRDA:74,7,0,2
BRDA:74,7,1,2
DA:75,2
DA:77,2
DA:78,2
DA:79,3
BRDA:79,8,0,1
BRDA:79,8,1,2
DA:80,1
DA:82,2
DA:83,2
FN:88,MultiTransferV1.multiTransferTokenEther
FNDA:8,MultiTransferV1.multiTransferTokenEther
DA:95,8
BRDA:95,9,0,1
BRDA:95,9,1,7
DA:96,1
DA:98,7
BRDA:98,10,0,1
BRDA:98,10,1,6
DA:99,1
DA:101,6
BRDA:101,11,0,1
BRDA:101,11,1,5
DA:102,1
DA:104,5
BRDA:104,12,0,1
BRDA:104,12,1,4
DA:105,1
DA:107,4
BRDA:107,13,0,1
BRDA:107,13,1,3
DA:108,1
DA:110,3
BRDA:110,14,0,1
BRDA:110,14,1,2
DA:111,1
DA:114,2
DA:115,2
DA:117,2
DA:118,1
DA:119,2
DA:120,2
DA:122,2
DA:123,2
FN:133,MultiTransferV1.emergencyStop
FNDA:1,MultiTransferV1.emergencyStop
DA:134,1
FN:137,MultiTransferV1.unPaused
FNDA:1,MultiTransferV1.unPaused
DA:138,1
FNF:6
FNH:5
LF:49
LH:49
BRF:30
BRH:30
end_of_record
TN:
SF:src/MultiTransferV2.sol
FN:34,MultiTransferV2.
FNDA:0,MultiTransferV2.
FN:36,MultiTransferV2.multisendETH
FNDA:0,MultiTransferV2.multisendETH
DA:40,0
BRDA:40,0,0,-
BRDA:40,0,1,-
DA:41,0
DA:43,0
BRDA:43,1,0,-
BRDA:43,1,1,-
DA:44,0
DA:46,0
BRDA:46,2,0,-
BRDA:46,2,1,-
DA:47,0
DA:49,0
DA:50,0
DA:51,0
BRDA:51,3,0,-
BRDA:51,3,1,-
DA:52,0
DA:54,0
DA:55,0
DA:57,0
FN:60,MultiTransferV2.multisendToken
FNDA:0,MultiTransferV2.multisendToken
DA:65,0
BRDA:65,4,0,-
BRDA:65,4,1,-
DA:66,0
DA:68,0
BRDA:68,5,0,-
BRDA:68,5,1,-
DA:69,0
DA:71,0
BRDA:71,6,0,-
BRDA:71,6,1,-
DA:72,0
DA:75,0
BRDA:75,7,0,-
BRDA:75,7,1,-
DA:76,0
DA:78,0
DA:79,0
DA:81,0
DA:82,0
DA:85,0
BRDA:85,8,0,-
BRDA:85,8,1,-
DA:86,0
DA:89,0
DA:91,0
DA:92,0
BRDA:92,9,0,-
BRDA:92,9,1,-
DA:93,0
DA:96,0
FN:100,MultiTransferV2.transferGeneral
FNDA:0,MultiTransferV2.transferGeneral
DA:106,0
BRDA:106,10,0,-
BRDA:106,10,1,-
DA:107,0
DA:110,0
BRDA:110,11,0,-
BRDA:110,11,1,-
DA:111,0
DA:114,0
DA:118,0
DA:119,0
DA:121,0
DA:122,0
DA:125,0
BRDA:125,12,0,-
BRDA:125,12,1,-
DA:126,0
DA:129,0
DA:131,0
DA:132,0
BRDA:132,13,0,-
BRDA:132,13,1,-
DA:133,0
FNF:4
FNH:0
LF:47
LH:0
BRF:28
BRH:0
end_of_record
TN:
SF:src/MultiTransferV3.sol
FN:40,MultiTransferV3.
FNDA:0,MultiTransferV3.
FN:42,MultiTransferV3.multisendETH
FNDA:0,MultiTransferV3.multisendETH
DA:46,0
BRDA:46,0,0,-
BRDA:46,0,1,-
DA:47,0
DA:49,0
BRDA:49,1,0,-
BRDA:49,1,1,-
DA:50,0
DA:52,0
BRDA:52,2,0,-
BRDA:52,2,1,-
DA:53,0
DA:55,0
DA:56,0
DA:57,0
BRDA:57,3,0,-
BRDA:57,3,1,-
DA:58,0
DA:60,0
DA:61,0
DA:63,0
FN:66,MultiTransferV3.multisendToken
FNDA:0,MultiTransferV3.multisendToken
DA:71,0
BRDA:71,4,0,-
BRDA:71,4,1,-
DA:72,0
DA:74,0
BRDA:74,5,0,-
BRDA:74,5,1,-
DA:75,0
DA:77,0
BRDA:77,6,0,-
BRDA:77,6,1,-
DA:78,0
DA:81,0
BRDA:81,7,0,-
BRDA:81,7,1,-
DA:82,0
DA:84,0
DA:85,0
DA:87,0
DA:88,0
DA:91,0
BRDA:91,8,0,-
BRDA:91,8,1,-
DA:92,0
DA:95,0
DA:97,0
DA:98,0
BRDA:98,9,0,-
BRDA:98,9,1,-
DA:99,0
DA:102,0
FN:106,MultiTransferV3.transferGeneral
FNDA:0,MultiTransferV3.transferGeneral
DA:112,0
BRDA:112,10,0,-
BRDA:112,10,1,-
DA:113,0
DA:116,0
BRDA:116,11,0,-
BRDA:116,11,1,-
DA:117,0
DA:120,0
DA:124,0
DA:125,0
DA:127,0
DA:128,0
DA:131,0
BRDA:131,12,0,-
BRDA:131,12,1,-
DA:132,0
DA:135,0
DA:137,0
DA:138,0
BRDA:138,13,0,-
BRDA:138,13,1,-
DA:139,0
FN:145,MultiTransferV3.transferGeneralWith2DArrays
FNDA:0,MultiTransferV3.transferGeneralWith2DArrays
DA:150,0
BRDA:150,14,0,-
BRDA:150,14,1,-
DA:151,0
BRDA:151,15,0,-
BRDA:151,15,1,-
DA:153,0
DA:154,0
DA:155,0
DA:157,0
BRDA:157,16,0,-
BRDA:157,16,1,-
DA:159,0
DA:160,0
BRDA:160,17,0,-
BRDA:160,17,1,-
DA:161,0
DA:164,0
BRDA:164,18,0,-
BRDA:164,18,1,-
DA:169,0
DA:171,0
DA:172,0
BRDA:172,19,0,-
BRDA:172,19,1,-
DA:173,0
FN:179,MultiTransferV3.transferGeneralWithStruct
FNDA:0,MultiTransferV3.transferGeneralWithStruct
DA:182,0
BRDA:182,20,0,-
BRDA:182,20,1,-
DA:184,0
DA:185,0
DA:186,0
DA:188,0
BRDA:188,21,0,-
BRDA:188,21,1,-
DA:189,0
DA:192,0
DA:193,0
FNF:6
FNH:0
LF:69
LH:0
BRF:44
BRH:0
end_of_record
TN:
SF:src/MultiTransferV4.sol
FN:40,MultiTransferV3.
FNDA:0,MultiTransferV3.
FN:42,MultiTransferV3.multisendETH
FNDA:0,MultiTransferV3.multisendETH
DA:46,0
BRDA:46,0,0,-
BRDA:46,0,1,-
DA:47,0
DA:49,0
BRDA:49,1,0,-
BRDA:49,1,1,-
DA:50,0
DA:52,0
BRDA:52,2,0,-
BRDA:52,2,1,-
DA:53,0
DA:55,0
DA:56,0
DA:57,0
BRDA:57,3,0,-
BRDA:57,3,1,-
DA:58,0
DA:60,0
DA:61,0
DA:63,0
FN:66,MultiTransferV3.multisendToken
FNDA:0,MultiTransferV3.multisendToken
DA:71,0
BRDA:71,4,0,-
BRDA:71,4,1,-
DA:72,0
DA:74,0
BRDA:74,5,0,-
BRDA:74,5,1,-
DA:75,0
DA:77,0
BRDA:77,6,0,-
BRDA:77,6,1,-
DA:78,0
DA:81,0
BRDA:81,7,0,-
BRDA:81,7,1,-
DA:82,0
DA:84,0
DA:85,0
DA:87,0
DA:88,0
DA:91,0
BRDA:91,8,0,-
BRDA:91,8,1,-
DA:92,0
DA:95,0
DA:97,0
DA:98,0
BRDA:98,9,0,-
BRDA:98,9,1,-
DA:99,0
DA:102,0
FN:106,MultiTransferV3.transferGeneralWith2DArrays
FNDA:0,MultiTransferV3.transferGeneralWith2DArrays
DA:111,0
BRDA:111,10,0,-
BRDA:111,10,1,-
DA:114,0
DA:115,0
DA:116,0
DA:118,0
BRDA:118,11,0,-
BRDA:118,11,1,-
DA:120,0
DA:121,0
BRDA:121,12,0,-
BRDA:121,12,1,-
DA:122,0
DA:125,0
BRDA:125,13,0,-
BRDA:125,13,1,-
DA:130,0
DA:132,0
DA:133,0
BRDA:133,14,0,-
BRDA:133,14,1,-
DA:134,0
FN:140,MultiTransferV3.transferGeneralWithStruct
FNDA:0,MultiTransferV3.transferGeneralWithStruct
DA:143,0
BRDA:143,15,0,-
BRDA:143,15,1,-
DA:145,0
DA:146,0
DA:147,0
DA:148,0
DA:150,0
BRDA:150,16,0,-
BRDA:150,16,1,-
DA:152,0
DA:153,0
BRDA:153,17,0,-
BRDA:153,17,1,-
DA:157,0
DA:160,0
BRDA:160,18,0,-
BRDA:160,18,1,-
DA:165,0
DA:167,0
DA:168,0
BRDA:168,19,0,-
BRDA:168,19,1,-
DA:169,0
FN:175,MultiTransferV3.emergencyStop
FNDA:0,MultiTransferV3.emergencyStop
DA:176,0
FN:179,MultiTransferV3.unPaused
FNDA:0,MultiTransferV3.unPaused
DA:180,0
FNF:7
FNH:0
LF:61
LH:0
BRF:40
BRH:0
end_of_record
